{"C:\\myTest\\PentaB\\src\\App.tsx": {"path":"C:\\myTest\\PentaB\\src\\App.tsx","all":false,"statementMap":{"0":{"start":{"line":1,"column":0},"end":{"line":1,"column":44}},"1":{"start":{"line":2,"column":0},"end":{"line":2,"column":35}},"2":{"start":{"line":3,"column":0},"end":{"line":3,"column":0}},"3":{"start":{"line":4,"column":0},"end":{"line":4,"column":19}},"4":{"start":{"line":5,"column":0},"end":{"line":5,"column":37}},"5":{"start":{"line":6,"column":0},"end":{"line":6,"column":0}},"6":{"start":{"line":7,"column":0},"end":{"line":7,"column":16}},"7":{"start":{"line":8,"column":0},"end":{"line":8,"column":57}},"8":{"start":{"line":9,"column":0},"end":{"line":9,"column":58}},"9":{"start":{"line":10,"column":0},"end":{"line":10,"column":34}},"10":{"start":{"line":11,"column":0},"end":{"line":11,"column":19}},"11":{"start":{"line":12,"column":0},"end":{"line":12,"column":5}},"12":{"start":{"line":13,"column":0},"end":{"line":13,"column":0}},"13":{"start":{"line":14,"column":0},"end":{"line":14,"column":36}},"14":{"start":{"line":15,"column":0},"end":{"line":15,"column":19}},"15":{"start":{"line":16,"column":0},"end":{"line":16,"column":23}},"16":{"start":{"line":17,"column":0},"end":{"line":17,"column":79}},"17":{"start":{"line":18,"column":0},"end":{"line":18,"column":6}},"18":{"start":{"line":19,"column":0},"end":{"line":19,"column":30}},"19":{"start":{"line":20,"column":0},"end":{"line":20,"column":22}},"20":{"start":{"line":21,"column":0},"end":{"line":21,"column":5}},"21":{"start":{"line":22,"column":0},"end":{"line":22,"column":75}},"22":{"start":{"line":23,"column":0},"end":{"line":23,"column":0}},"23":{"start":{"line":24,"column":0},"end":{"line":24,"column":10}},"24":{"start":{"line":25,"column":0},"end":{"line":25,"column":25}},"25":{"start":{"line":26,"column":0},"end":{"line":26,"column":31}},"26":{"start":{"line":27,"column":0},"end":{"line":27,"column":10}},"27":{"start":{"line":28,"column":0},"end":{"line":28,"column":84}},"28":{"start":{"line":29,"column":0},"end":{"line":29,"column":39}},"29":{"start":{"line":30,"column":0},"end":{"line":30,"column":11}},"30":{"start":{"line":31,"column":0},"end":{"line":31,"column":30}},"31":{"start":{"line":32,"column":0},"end":{"line":32,"column":35}},"32":{"start":{"line":33,"column":0},"end":{"line":33,"column":15}},"33":{"start":{"line":34,"column":0},"end":{"line":34,"column":47}},"34":{"start":{"line":35,"column":0},"end":{"line":35,"column":47}},"35":{"start":{"line":36,"column":0},"end":{"line":36,"column":49}},"36":{"start":{"line":37,"column":0},"end":{"line":37,"column":12}},"37":{"start":{"line":38,"column":0},"end":{"line":38,"column":52}},"38":{"start":{"line":39,"column":0},"end":{"line":39,"column":44}},"39":{"start":{"line":40,"column":0},"end":{"line":40,"column":13}},"40":{"start":{"line":41,"column":0},"end":{"line":41,"column":14}},"41":{"start":{"line":42,"column":0},"end":{"line":42,"column":12}},"42":{"start":{"line":43,"column":0},"end":{"line":43,"column":68}},"43":{"start":{"line":44,"column":0},"end":{"line":44,"column":16}},"44":{"start":{"line":45,"column":0},"end":{"line":45,"column":15}},"45":{"start":{"line":46,"column":0},"end":{"line":46,"column":68}},"46":{"start":{"line":47,"column":0},"end":{"line":47,"column":17}},"47":{"start":{"line":48,"column":0},"end":{"line":48,"column":15}},"48":{"start":{"line":49,"column":0},"end":{"line":49,"column":68}},"49":{"start":{"line":50,"column":0},"end":{"line":50,"column":12}},"50":{"start":{"line":51,"column":0},"end":{"line":51,"column":15}},"51":{"start":{"line":52,"column":0},"end":{"line":52,"column":68}},"52":{"start":{"line":53,"column":0},"end":{"line":53,"column":13}},"53":{"start":{"line":54,"column":0},"end":{"line":54,"column":15}},"54":{"start":{"line":55,"column":0},"end":{"line":55,"column":10}},"55":{"start":{"line":56,"column":0},"end":{"line":56,"column":4}},"56":{"start":{"line":57,"column":0},"end":{"line":57,"column":1}},"57":{"start":{"line":58,"column":0},"end":{"line":58,"column":0}},"58":{"start":{"line":59,"column":0},"end":{"line":59,"column":19}}},"s":{"0":1,"1":1,"2":1,"3":1,"4":1,"5":1,"6":2,"7":2,"8":2,"9":2,"10":2,"11":2,"12":2,"13":2,"14":2,"15":1,"16":1,"17":1,"18":1,"19":0,"20":0,"21":2,"22":2,"23":2,"24":2,"25":2,"26":2,"27":2,"28":2,"29":2,"30":2,"31":2,"32":2,"33":2,"34":2,"35":2,"36":2,"37":2,"38":50,"39":2,"40":2,"41":2,"42":2,"43":2,"44":2,"45":2,"46":2,"47":2,"48":2,"49":2,"50":2,"51":2,"52":2,"53":2,"54":2,"55":2,"56":2,"57":1,"58":1},"branchMap":{"0":{"type":"branch","line":7,"loc":{"start":{"line":7,"column":0},"end":{"line":57,"column":1}},"locations":[{"start":{"line":7,"column":0},"end":{"line":57,"column":1}}]},"1":{"type":"branch","line":15,"loc":{"start":{"line":15,"column":12},"end":{"line":22,"column":5}},"locations":[{"start":{"line":15,"column":12},"end":{"line":22,"column":5}}]},"2":{"type":"branch","line":19,"loc":{"start":{"line":19,"column":29},"end":{"line":21,"column":5}},"locations":[{"start":{"line":19,"column":29},"end":{"line":21,"column":5}}]},"3":{"type":"branch","line":38,"loc":{"start":{"line":38,"column":34},"end":{"line":39,"column":44}},"locations":[{"start":{"line":38,"column":34},"end":{"line":39,"column":44}}]}},"b":{"0":[2],"1":[1],"2":[0],"3":[50]},"fnMap":{"0":{"name":"App","decl":{"start":{"line":7,"column":0},"end":{"line":57,"column":1}},"loc":{"start":{"line":7,"column":0},"end":{"line":57,"column":1}},"line":7},"1":{"name":"onClick","decl":{"start":{"line":43,"column":42},"end":{"line":43,"column":68}},"loc":{"start":{"line":43,"column":42},"end":{"line":43,"column":68}},"line":43},"2":{"name":"onClick","decl":{"start":{"line":46,"column":42},"end":{"line":46,"column":68}},"loc":{"start":{"line":46,"column":42},"end":{"line":46,"column":68}},"line":46},"3":{"name":"onClick","decl":{"start":{"line":49,"column":42},"end":{"line":49,"column":68}},"loc":{"start":{"line":49,"column":42},"end":{"line":49,"column":68}},"line":49},"4":{"name":"onClick","decl":{"start":{"line":52,"column":42},"end":{"line":52,"column":68}},"loc":{"start":{"line":52,"column":42},"end":{"line":52,"column":68}},"line":52}},"f":{"0":2,"1":0,"2":0,"3":0,"4":0}}
,"C:\\myTest\\PentaB\\src\\components\\Ship.tsx": {"path":"C:\\myTest\\PentaB\\src\\components\\Ship.tsx","all":false,"statementMap":{"0":{"start":{"line":1,"column":0},"end":{"line":1,"column":45}},"1":{"start":{"line":2,"column":0},"end":{"line":2,"column":0}},"2":{"start":{"line":3,"column":0},"end":{"line":3,"column":14}},"3":{"start":{"line":4,"column":0},"end":{"line":4,"column":12}},"4":{"start":{"line":5,"column":0},"end":{"line":5,"column":12}},"5":{"start":{"line":6,"column":0},"end":{"line":6,"column":20}},"6":{"start":{"line":7,"column":0},"end":{"line":7,"column":2}},"7":{"start":{"line":8,"column":0},"end":{"line":8,"column":0}},"8":{"start":{"line":9,"column":0},"end":{"line":9,"column":46}},"9":{"start":{"line":10,"column":0},"end":{"line":10,"column":42}},"10":{"start":{"line":11,"column":0},"end":{"line":11,"column":17}},"11":{"start":{"line":12,"column":0},"end":{"line":12,"column":30}},"12":{"start":{"line":13,"column":0},"end":{"line":13,"column":19}},"13":{"start":{"line":14,"column":0},"end":{"line":14,"column":66}},"14":{"start":{"line":15,"column":0},"end":{"line":15,"column":4}},"15":{"start":{"line":16,"column":0},"end":{"line":16,"column":10}},"16":{"start":{"line":17,"column":0},"end":{"line":17,"column":80}},"17":{"start":{"line":18,"column":0},"end":{"line":18,"column":4}},"18":{"start":{"line":19,"column":0},"end":{"line":19,"column":2}},"19":{"start":{"line":20,"column":0},"end":{"line":20,"column":0}},"20":{"start":{"line":21,"column":0},"end":{"line":21,"column":20}}},"s":{"0":1,"1":1,"2":1,"3":1,"4":1,"5":1,"6":1,"7":1,"8":1,"9":2,"10":2,"11":2,"12":2,"13":2,"14":2,"15":2,"16":2,"17":2,"18":2,"19":1,"20":1},"branchMap":{"0":{"type":"branch","line":9,"loc":{"start":{"line":9,"column":13},"end":{"line":19,"column":2}},"locations":[{"start":{"line":9,"column":13},"end":{"line":19,"column":2}}]}},"b":{"0":[2]},"fnMap":{"0":{"name":"Ship","decl":{"start":{"line":9,"column":13},"end":{"line":19,"column":2}},"loc":{"start":{"line":9,"column":13},"end":{"line":19,"column":2}},"line":9}},"f":{"0":2}}
,"C:\\myTest\\PentaB\\src\\utilis\\rover.ts": {"path":"C:\\myTest\\PentaB\\src\\utilis\\rover.ts","all":false,"statementMap":{"0":{"start":{"line":1,"column":0},"end":{"line":1,"column":10}},"1":{"start":{"line":2,"column":0},"end":{"line":2,"column":20}},"2":{"start":{"line":3,"column":0},"end":{"line":3,"column":21}},"3":{"start":{"line":4,"column":0},"end":{"line":4,"column":17}},"4":{"start":{"line":5,"column":0},"end":{"line":5,"column":18}},"5":{"start":{"line":6,"column":0},"end":{"line":6,"column":20}},"6":{"start":{"line":7,"column":0},"end":{"line":7,"column":18}},"7":{"start":{"line":8,"column":0},"end":{"line":8,"column":17}},"8":{"start":{"line":9,"column":0},"end":{"line":9,"column":18}},"9":{"start":{"line":10,"column":0},"end":{"line":10,"column":17}},"10":{"start":{"line":11,"column":0},"end":{"line":11,"column":0}},"11":{"start":{"line":12,"column":0},"end":{"line":12,"column":15}},"12":{"start":{"line":13,"column":0},"end":{"line":13,"column":42}},"13":{"start":{"line":14,"column":0},"end":{"line":14,"column":20}},"14":{"start":{"line":15,"column":0},"end":{"line":15,"column":20}},"15":{"start":{"line":16,"column":0},"end":{"line":16,"column":3}},"16":{"start":{"line":17,"column":0},"end":{"line":17,"column":38}},"17":{"start":{"line":18,"column":0},"end":{"line":18,"column":0}},"18":{"start":{"line":19,"column":0},"end":{"line":19,"column":33}},"19":{"start":{"line":20,"column":0},"end":{"line":20,"column":54}},"20":{"start":{"line":21,"column":0},"end":{"line":21,"column":72}},"21":{"start":{"line":22,"column":0},"end":{"line":22,"column":49}},"22":{"start":{"line":23,"column":0},"end":{"line":23,"column":44}},"23":{"start":{"line":24,"column":0},"end":{"line":24,"column":55}},"24":{"start":{"line":25,"column":0},"end":{"line":25,"column":43}},"25":{"start":{"line":26,"column":0},"end":{"line":26,"column":5}},"26":{"start":{"line":27,"column":0},"end":{"line":27,"column":5}},"27":{"start":{"line":28,"column":0},"end":{"line":28,"column":0}},"28":{"start":{"line":29,"column":0},"end":{"line":29,"column":55}},"29":{"start":{"line":30,"column":0},"end":{"line":30,"column":1}},"30":{"start":{"line":31,"column":0},"end":{"line":31,"column":0}},"31":{"start":{"line":32,"column":0},"end":{"line":32,"column":14}},"32":{"start":{"line":33,"column":0},"end":{"line":33,"column":44}},"33":{"start":{"line":34,"column":0},"end":{"line":34,"column":27}},"34":{"start":{"line":35,"column":0},"end":{"line":35,"column":17}},"35":{"start":{"line":36,"column":0},"end":{"line":36,"column":3}},"36":{"start":{"line":37,"column":0},"end":{"line":37,"column":38}},"37":{"start":{"line":38,"column":0},"end":{"line":38,"column":20}},"38":{"start":{"line":39,"column":0},"end":{"line":39,"column":0}},"39":{"start":{"line":40,"column":0},"end":{"line":40,"column":29}},"40":{"start":{"line":41,"column":0},"end":{"line":41,"column":19}},"41":{"start":{"line":42,"column":0},"end":{"line":42,"column":3}},"42":{"start":{"line":43,"column":0},"end":{"line":43,"column":0}},"43":{"start":{"line":44,"column":0},"end":{"line":44,"column":35}},"44":{"start":{"line":45,"column":0},"end":{"line":45,"column":35}},"45":{"start":{"line":46,"column":0},"end":{"line":46,"column":41}},"46":{"start":{"line":47,"column":0},"end":{"line":47,"column":35}},"47":{"start":{"line":48,"column":0},"end":{"line":48,"column":42}},"48":{"start":{"line":49,"column":0},"end":{"line":49,"column":35}},"49":{"start":{"line":50,"column":0},"end":{"line":50,"column":41}},"50":{"start":{"line":51,"column":0},"end":{"line":51,"column":35}},"51":{"start":{"line":52,"column":0},"end":{"line":52,"column":3}},"52":{"start":{"line":53,"column":0},"end":{"line":53,"column":0}},"53":{"start":{"line":54,"column":0},"end":{"line":54,"column":60}},"54":{"start":{"line":55,"column":0},"end":{"line":55,"column":25}},"55":{"start":{"line":56,"column":0},"end":{"line":56,"column":1}},"56":{"start":{"line":57,"column":0},"end":{"line":57,"column":0}},"57":{"start":{"line":58,"column":0},"end":{"line":58,"column":75}},"58":{"start":{"line":59,"column":0},"end":{"line":59,"column":24}},"59":{"start":{"line":60,"column":0},"end":{"line":60,"column":25}},"60":{"start":{"line":61,"column":0},"end":{"line":61,"column":31}},"61":{"start":{"line":62,"column":0},"end":{"line":62,"column":0}},"62":{"start":{"line":63,"column":0},"end":{"line":63,"column":34}},"63":{"start":{"line":64,"column":0},"end":{"line":64,"column":29}},"64":{"start":{"line":65,"column":0},"end":{"line":65,"column":3}},"65":{"start":{"line":66,"column":0},"end":{"line":66,"column":33}},"66":{"start":{"line":67,"column":0},"end":{"line":67,"column":30}},"67":{"start":{"line":68,"column":0},"end":{"line":68,"column":3}},"68":{"start":{"line":69,"column":0},"end":{"line":69,"column":0}},"69":{"start":{"line":70,"column":0},"end":{"line":70,"column":56}},"70":{"start":{"line":71,"column":0},"end":{"line":71,"column":62}},"71":{"start":{"line":72,"column":0},"end":{"line":72,"column":36}},"72":{"start":{"line":73,"column":0},"end":{"line":73,"column":32}},"73":{"start":{"line":74,"column":0},"end":{"line":74,"column":59}},"74":{"start":{"line":75,"column":0},"end":{"line":75,"column":5}},"75":{"start":{"line":76,"column":0},"end":{"line":76,"column":0}},"76":{"start":{"line":77,"column":0},"end":{"line":77,"column":35}},"77":{"start":{"line":78,"column":0},"end":{"line":78,"column":31}},"78":{"start":{"line":79,"column":0},"end":{"line":79,"column":59}},"79":{"start":{"line":80,"column":0},"end":{"line":80,"column":5}},"80":{"start":{"line":81,"column":0},"end":{"line":81,"column":0}},"81":{"start":{"line":82,"column":0},"end":{"line":82,"column":66}},"82":{"start":{"line":83,"column":0},"end":{"line":83,"column":3}},"83":{"start":{"line":84,"column":0},"end":{"line":84,"column":0}},"84":{"start":{"line":85,"column":0},"end":{"line":85,"column":47}},"85":{"start":{"line":86,"column":0},"end":{"line":86,"column":1}},"86":{"start":{"line":87,"column":0},"end":{"line":87,"column":0}},"87":{"start":{"line":88,"column":0},"end":{"line":88,"column":58}},"88":{"start":{"line":89,"column":0},"end":{"line":89,"column":48}},"89":{"start":{"line":90,"column":0},"end":{"line":90,"column":21}},"90":{"start":{"line":91,"column":0},"end":{"line":91,"column":41}},"91":{"start":{"line":92,"column":0},"end":{"line":92,"column":0}},"92":{"start":{"line":93,"column":0},"end":{"line":93,"column":35}},"93":{"start":{"line":94,"column":0},"end":{"line":94,"column":49}},"94":{"start":{"line":95,"column":0},"end":{"line":95,"column":4}},"95":{"start":{"line":96,"column":0},"end":{"line":96,"column":0}},"96":{"start":{"line":97,"column":0},"end":{"line":97,"column":26}},"97":{"start":{"line":98,"column":0},"end":{"line":98,"column":12}},"98":{"start":{"line":99,"column":0},"end":{"line":99,"column":32}},"99":{"start":{"line":100,"column":0},"end":{"line":100,"column":12}},"100":{"start":{"line":101,"column":0},"end":{"line":101,"column":3}},"101":{"start":{"line":102,"column":0},"end":{"line":102,"column":0}},"102":{"start":{"line":103,"column":0},"end":{"line":103,"column":25}},"103":{"start":{"line":104,"column":0},"end":{"line":104,"column":21}},"104":{"start":{"line":105,"column":0},"end":{"line":105,"column":32}},"105":{"start":{"line":106,"column":0},"end":{"line":106,"column":21}},"106":{"start":{"line":107,"column":0},"end":{"line":107,"column":3}},"107":{"start":{"line":108,"column":0},"end":{"line":108,"column":0}},"108":{"start":{"line":109,"column":0},"end":{"line":109,"column":27}},"109":{"start":{"line":110,"column":0},"end":{"line":110,"column":1}},"110":{"start":{"line":111,"column":0},"end":{"line":111,"column":0}},"111":{"start":{"line":112,"column":0},"end":{"line":112,"column":21}},"112":{"start":{"line":113,"column":0},"end":{"line":113,"column":11}},"113":{"start":{"line":114,"column":0},"end":{"line":114,"column":12}},"114":{"start":{"line":115,"column":0},"end":{"line":115,"column":0}},"115":{"start":{"line":116,"column":0},"end":{"line":116,"column":2}},"116":{"start":{"line":117,"column":0},"end":{"line":117,"column":25}},"117":{"start":{"line":118,"column":0},"end":{"line":118,"column":27}},"118":{"start":{"line":119,"column":0},"end":{"line":119,"column":25}},"119":{"start":{"line":120,"column":0},"end":{"line":120,"column":8}},"120":{"start":{"line":121,"column":0},"end":{"line":121,"column":6}},"121":{"start":{"line":122,"column":0},"end":{"line":122,"column":4}},"122":{"start":{"line":123,"column":0},"end":{"line":123,"column":13}},"123":{"start":{"line":124,"column":0},"end":{"line":124,"column":2}}},"s":{"0":1,"1":1,"2":1,"3":1,"4":1,"5":1,"6":1,"7":1,"8":1,"9":1,"10":1,"11":31,"12":31,"13":31,"14":31,"15":31,"16":31,"17":31,"18":31,"19":51,"20":29,"21":29,"22":29,"23":51,"24":22,"25":22,"26":31,"27":31,"28":31,"29":31,"30":1,"31":29,"32":29,"33":29,"34":29,"35":29,"36":29,"37":29,"38":29,"39":29,"40":10,"41":10,"42":29,"43":29,"44":6,"45":29,"46":7,"47":23,"48":9,"49":16,"50":7,"51":7,"52":29,"53":29,"54":29,"55":29,"56":1,"57":29,"58":29,"59":29,"60":29,"61":29,"62":29,"63":2,"64":2,"65":29,"66":2,"67":2,"68":29,"69":29,"70":29,"71":5,"72":3,"73":3,"74":3,"75":5,"76":5,"77":2,"78":2,"79":2,"80":5,"81":5,"82":5,"83":29,"84":29,"85":29,"86":1,"87":22,"88":22,"89":22,"90":22,"91":22,"92":22,"93":22,"94":22,"95":22,"96":22,"97":11,"98":11,"99":11,"100":11,"101":22,"102":22,"103":2,"104":22,"105":2,"106":2,"107":22,"108":22,"109":22,"110":1,"111":1,"112":1,"113":1,"114":1,"115":1,"116":1,"117":1,"118":1,"119":1,"120":1,"121":1,"122":1,"123":1},"branchMap":{"0":{"type":"branch","line":12,"loc":{"start":{"line":12,"column":0},"end":{"line":30,"column":1}},"locations":[{"start":{"line":12,"column":0},"end":{"line":30,"column":1}}]},"1":{"type":"branch","line":19,"loc":{"start":{"line":19,"column":19},"end":{"line":27,"column":3}},"locations":[{"start":{"line":19,"column":19},"end":{"line":27,"column":3}}]},"2":{"type":"branch","line":20,"loc":{"start":{"line":20,"column":20},"end":{"line":20,"column":53}},"locations":[{"start":{"line":20,"column":20},"end":{"line":20,"column":53}}]},"3":{"type":"branch","line":20,"loc":{"start":{"line":20,"column":53},"end":{"line":24,"column":15}},"locations":[{"start":{"line":20,"column":53},"end":{"line":24,"column":15}}]},"4":{"type":"branch","line":24,"loc":{"start":{"line":24,"column":4},"end":{"line":26,"column":5}},"locations":[{"start":{"line":24,"column":4},"end":{"line":26,"column":5}}]},"5":{"type":"branch","line":24,"loc":{"start":{"line":24,"column":27},"end":{"line":24,"column":54}},"locations":[{"start":{"line":24,"column":27},"end":{"line":24,"column":54}}]},"6":{"type":"branch","line":32,"loc":{"start":{"line":32,"column":0},"end":{"line":56,"column":1}},"locations":[{"start":{"line":32,"column":0},"end":{"line":56,"column":1}}]},"7":{"type":"branch","line":40,"loc":{"start":{"line":40,"column":28},"end":{"line":42,"column":3}},"locations":[{"start":{"line":40,"column":28},"end":{"line":42,"column":3}}]},"8":{"type":"branch","line":44,"loc":{"start":{"line":44,"column":34},"end":{"line":46,"column":13}},"locations":[{"start":{"line":44,"column":34},"end":{"line":46,"column":13}}]},"9":{"type":"branch","line":46,"loc":{"start":{"line":46,"column":2},"end":{"line":52,"column":3}},"locations":[{"start":{"line":46,"column":2},"end":{"line":52,"column":3}}]},"10":{"type":"branch","line":46,"loc":{"start":{"line":46,"column":40},"end":{"line":48,"column":13}},"locations":[{"start":{"line":46,"column":40},"end":{"line":48,"column":13}}]},"11":{"type":"branch","line":48,"loc":{"start":{"line":48,"column":2},"end":{"line":52,"column":3}},"locations":[{"start":{"line":48,"column":2},"end":{"line":52,"column":3}}]},"12":{"type":"branch","line":48,"loc":{"start":{"line":48,"column":41},"end":{"line":50,"column":13}},"locations":[{"start":{"line":48,"column":41},"end":{"line":50,"column":13}}]},"13":{"type":"branch","line":50,"loc":{"start":{"line":50,"column":2},"end":{"line":52,"column":3}},"locations":[{"start":{"line":50,"column":2},"end":{"line":52,"column":3}}]},"14":{"type":"branch","line":58,"loc":{"start":{"line":58,"column":0},"end":{"line":86,"column":1}},"locations":[{"start":{"line":58,"column":0},"end":{"line":86,"column":1}}]},"15":{"type":"branch","line":63,"loc":{"start":{"line":63,"column":33},"end":{"line":65,"column":3}},"locations":[{"start":{"line":63,"column":33},"end":{"line":65,"column":3}}]},"16":{"type":"branch","line":66,"loc":{"start":{"line":66,"column":32},"end":{"line":68,"column":3}},"locations":[{"start":{"line":66,"column":32},"end":{"line":68,"column":3}}]},"17":{"type":"branch","line":71,"loc":{"start":{"line":71,"column":19},"end":{"line":71,"column":61}},"locations":[{"start":{"line":71,"column":19},"end":{"line":71,"column":61}}]},"18":{"type":"branch","line":71,"loc":{"start":{"line":71,"column":61},"end":{"line":83,"column":3}},"locations":[{"start":{"line":71,"column":61},"end":{"line":83,"column":3}}]},"19":{"type":"branch","line":72,"loc":{"start":{"line":72,"column":35},"end":{"line":75,"column":5}},"locations":[{"start":{"line":72,"column":35},"end":{"line":75,"column":5}}]},"20":{"type":"branch","line":77,"loc":{"start":{"line":77,"column":34},"end":{"line":80,"column":5}},"locations":[{"start":{"line":77,"column":34},"end":{"line":80,"column":5}}]},"21":{"type":"branch","line":82,"loc":{"start":{"line":82,"column":33},"end":{"line":82,"column":45}},"locations":[{"start":{"line":82,"column":33},"end":{"line":82,"column":45}}]},"22":{"type":"branch","line":82,"loc":{"start":{"line":82,"column":39},"end":{"line":82,"column":66}},"locations":[{"start":{"line":82,"column":39},"end":{"line":82,"column":66}}]},"23":{"type":"branch","line":88,"loc":{"start":{"line":88,"column":0},"end":{"line":110,"column":1}},"locations":[{"start":{"line":88,"column":0},"end":{"line":110,"column":1}}]},"24":{"type":"branch","line":97,"loc":{"start":{"line":97,"column":25},"end":{"line":101,"column":3}},"locations":[{"start":{"line":97,"column":25},"end":{"line":101,"column":3}}]},"25":{"type":"branch","line":103,"loc":{"start":{"line":103,"column":24},"end":{"line":105,"column":13}},"locations":[{"start":{"line":103,"column":24},"end":{"line":105,"column":13}}]},"26":{"type":"branch","line":105,"loc":{"start":{"line":105,"column":2},"end":{"line":107,"column":3}},"locations":[{"start":{"line":105,"column":2},"end":{"line":107,"column":3}}]},"27":{"type":"branch","line":105,"loc":{"start":{"line":105,"column":31},"end":{"line":107,"column":3}},"locations":[{"start":{"line":105,"column":31},"end":{"line":107,"column":3}}]},"28":{"type":"branch","line":94,"loc":{"start":{"line":94,"column":4},"end":{"line":94,"column":49}},"locations":[{"start":{"line":94,"column":4},"end":{"line":94,"column":49}}]}},"b":{"0":[31],"1":[51],"2":[32],"3":[29],"4":[22],"5":[11],"6":[29],"7":[10],"8":[6],"9":[23],"10":[7],"11":[16],"12":[9],"13":[7],"14":[29],"15":[2],"16":[2],"17":[26],"18":[5],"19":[3],"20":[2],"21":[2],"22":[3],"23":[22],"24":[11],"25":[2],"26":[20],"27":[2],"28":[59]},"fnMap":{"0":{"name":"rover","decl":{"start":{"line":12,"column":0},"end":{"line":30,"column":1}},"loc":{"start":{"line":12,"column":0},"end":{"line":30,"column":1}},"line":12},"1":{"name":"move","decl":{"start":{"line":32,"column":0},"end":{"line":56,"column":1}},"loc":{"start":{"line":32,"column":0},"end":{"line":56,"column":1}},"line":32},"2":{"name":"wrapEdges","decl":{"start":{"line":58,"column":0},"end":{"line":86,"column":1}},"loc":{"start":{"line":58,"column":0},"end":{"line":86,"column":1}},"line":58},"3":{"name":"turn","decl":{"start":{"line":88,"column":0},"end":{"line":110,"column":1}},"loc":{"start":{"line":88,"column":0},"end":{"line":110,"column":1}},"line":88}},"f":{"0":31,"1":29,"2":29,"3":22}}
}
